<?xml version="1.0" encoding="UTF-8"?>
<testsuite xmlns:xsi="http://www.w3.org/2001/XMLSchema-instance" xsi:noNamespaceSchemaLocation="https://maven.apache.org/surefire/maven-surefire-plugin/xsd/surefire-test-report-3.0.xsd" version="3.0" name="TestSuite" time="35.061" tests="6" errors="0" skipped="0" failures="3">
  <properties>
[...]
</properties>
  <testcase name="sauceTest[standard_user,secret_sauce](1)" classname="MyTests.demoTest" time="1.453">
    <system-err><![CDATA[SLF4J: No SLF4J providers were found.
SLF4J: Defaulting to no-operation (NOP) logger implementation
SLF4J: See https://www.slf4j.org/codes.html#noProviders for further details.
Starting ChromeDriver 126.0.6478.182 (5b5d8292ddf182f8b2096fa665b473b6317906d5-refs/branch-heads/6478@{#1776}) on port 25109
Only local connections are allowed.
Please see https://chromedriver.chromium.org/security-considerations for suggestions on keeping ChromeDriver safe.
ChromeDriver was started successfully.
Aug 26, 2024 11:30:04 PM org.openqa.selenium.remote.ProtocolHandshake createSession
INFO: Detected dialect: W3C
]]></system-err>
  </testcase>
  <testcase name="sauceTest[locked_out_user,secret_sauce](2)" classname="MyTests.demoTest" time="0.297">
    <failure message="expected [https://www.saucedemo.com/inventory.html] but found [https://www.saucedemo.com/]" type="java.lang.AssertionError"><![CDATA[java.lang.AssertionError: expected [https://www.saucedemo.com/inventory.html] but found [https://www.saucedemo.com/]
	at MyTests.demoTest.sauceTest(demoTest.java:59)
]]></failure>
    <system-err><![CDATA[Starting ChromeDriver 126.0.6478.182 (5b5d8292ddf182f8b2096fa665b473b6317906d5-refs/branch-heads/6478@{#1776}) on port 2635
Only local connections are allowed.
Please see https://chromedriver.chromium.org/security-considerations for suggestions on keeping ChromeDriver safe.
ChromeDriver was started successfully.
Aug 26, 2024 11:30:09 PM org.openqa.selenium.remote.ProtocolHandshake createSession
INFO: Detected dialect: W3C
]]></system-err>
  </testcase>
  <testcase name="sauceTest[problem_user,secret_sauce](3)" classname="MyTests.demoTest" time="1.032">
    <failure message="expected [https://www.saucedemo.com/checkout-step-two.html] but found [https://www.saucedemo.com/checkout-step-one.html]" type="java.lang.AssertionError"><![CDATA[java.lang.AssertionError: expected [https://www.saucedemo.com/checkout-step-two.html] but found [https://www.saucedemo.com/checkout-step-one.html]
	at MyTests.demoTest.sauceTest(demoTest.java:80)
]]></failure>
    <system-err><![CDATA[Starting ChromeDriver 126.0.6478.182 (5b5d8292ddf182f8b2096fa665b473b6317906d5-refs/branch-heads/6478@{#1776}) on port 18576
Only local connections are allowed.
Please see https://chromedriver.chromium.org/security-considerations for suggestions on keeping ChromeDriver safe.
ChromeDriver was started successfully.
Aug 26, 2024 11:30:14 PM org.openqa.selenium.remote.ProtocolHandshake createSession
INFO: Detected dialect: W3C
]]></system-err>
  </testcase>
  <testcase name="sauceTest[performance_glitch_user,secret_sauce](4)" classname="MyTests.demoTest" time="6.159">
    <system-err><![CDATA[Starting ChromeDriver 126.0.6478.182 (5b5d8292ddf182f8b2096fa665b473b6317906d5-refs/branch-heads/6478@{#1776}) on port 32174
Only local connections are allowed.
Please see https://chromedriver.chromium.org/security-considerations for suggestions on keeping ChromeDriver safe.
ChromeDriver was started successfully.
Aug 26, 2024 11:30:19 PM org.openqa.selenium.remote.ProtocolHandshake createSession
INFO: Detected dialect: W3C
]]></system-err>
  </testcase>
  <testcase name="sauceTest[error_user,secret_sauce](5)" classname="MyTests.demoTest" time="1.134">
    <failure message="expected [https://www.saucedemo.com/checkout-complete.html] but found [https://www.saucedemo.com/checkout-step-two.html]" type="java.lang.AssertionError"><![CDATA[java.lang.AssertionError: expected [https://www.saucedemo.com/checkout-complete.html] but found [https://www.saucedemo.com/checkout-step-two.html]
	at MyTests.demoTest.sauceTest(demoTest.java:84)
]]></failure>
    <system-err><![CDATA[Starting ChromeDriver 126.0.6478.182 (5b5d8292ddf182f8b2096fa665b473b6317906d5-refs/branch-heads/6478@{#1776}) on port 43679
Only local connections are allowed.
Please see https://chromedriver.chromium.org/security-considerations for suggestions on keeping ChromeDriver safe.
ChromeDriver was started successfully.
Aug 26, 2024 11:30:28 PM org.openqa.selenium.remote.ProtocolHandshake createSession
INFO: Detected dialect: W3C
]]></system-err>
  </testcase>
  <testcase name="sauceTest[visual_user,secret_sauce](6)" classname="MyTests.demoTest" time="1.238">
    <system-err><![CDATA[Starting ChromeDriver 126.0.6478.182 (5b5d8292ddf182f8b2096fa665b473b6317906d5-refs/branch-heads/6478@{#1776}) on port 22426
Only local connections are allowed.
Please see https://chromedriver.chromium.org/security-considerations for suggestions on keeping ChromeDriver safe.
ChromeDriver was started successfully.
Aug 26, 2024 11:30:33 PM org.openqa.selenium.remote.ProtocolHandshake createSession
INFO: Detected dialect: W3C
]]></system-err>
  </testcase>
</testsuite>